{
  "RSpec": {
    "coverage": {
      "/Users/filipstybel/Dropbox/workspace/priv/log_parser/lib/path.rb": [
        1,
        1,
        null,
        1,
        143,
        null,
        null,
        1,
        475,
        null,
        null
      ],
      "/Users/filipstybel/Dropbox/workspace/priv/log_parser/lib/ip.rb": [
        1,
        1,
        null,
        1,
        175,
        null,
        null,
        1,
        187,
        null,
        null
      ],
      "/Users/filipstybel/Dropbox/workspace/priv/log_parser/lib/log_file.rb": [
        1,
        1,
        null,
        1,
        8,
        8,
        null,
        null,
        1,
        8,
        null,
        6,
        6,
        null,
        null,
        1,
        3,
        null,
        null,
        1,
        3,
        null,
        null,
        1,
        1,
        null,
        null,
        null,
        null,
        1,
        null,
        1,
        6,
        12,
        12,
        null,
        null,
        null,
        1,
        3,
        null,
        null,
        1,
        3,
        null,
        null,
        1,
        12,
        null,
        null,
        1,
        7,
        null,
        null,
        null
      ],
      "/Users/filipstybel/Dropbox/workspace/priv/log_parser/lib/log_entry.rb": [
        1,
        1,
        null,
        1,
        242,
        242,
        null,
        null,
        1,
        472,
        null,
        null,
        null
      ],
      "/Users/filipstybel/Dropbox/workspace/priv/log_parser/lib/log_file_processor.rb": [
        1,
        1,
        1,
        11,
        11,
        11,
        11,
        null,
        11,
        11,
        null,
        null,
        1,
        8,
        8,
        120,
        null,
        null,
        8,
        null,
        null,
        1,
        null,
        1,
        120,
        120,
        120,
        null,
        120,
        120,
        null,
        null,
        1,
        120,
        null,
        120,
        120,
        null,
        null,
        1,
        120,
        592,
        null,
        null,
        1,
        120,
        120,
        null,
        null
      ],
      "/Users/filipstybel/Dropbox/workspace/priv/log_parser/spec/lib/log_entry_spec.rb": [
        1,
        1,
        null,
        1,
        3,
        3,
        3,
        null,
        1,
        1,
        null,
        null,
        1,
        1,
        null,
        null
      ],
      "/Users/filipstybel/Dropbox/workspace/priv/log_parser/spec/lib/log_file_processor_spec.rb": [
        1,
        1,
        null,
        1,
        4,
        4,
        4,
        null,
        1,
        1,
        1,
        null,
        null,
        1,
        1,
        1,
        null,
        null,
        1,
        1,
        1,
        null,
        null
      ],
      "/Users/filipstybel/Dropbox/workspace/priv/log_parser/spec/lib/log_file_spec.rb": [
        1,
        1,
        null,
        1,
        1,
        4,
        null,
        1,
        2,
        null,
        1,
        1,
        null,
        null,
        null,
        1,
        3,
        null,
        1,
        1,
        1,
        1,
        null,
        null,
        1,
        1,
        null,
        null,
        null,
        null,
        1,
        6,
        6,
        null,
        6,
        null,
        1,
        1,
        1,
        null,
        null,
        1,
        null,
        1,
        null,
        null,
        1,
        null,
        null,
        null,
        1,
        1,
        1,
        null,
        null,
        1,
        null,
        1,
        null,
        null,
        1,
        null,
        null,
        null,
        1,
        1,
        1,
        null,
        null,
        null,
        null
      ],
      "/Users/filipstybel/Dropbox/workspace/priv/log_parser/spec/lib/path_spec.rb": [
        1,
        1,
        null,
        1,
        4,
        null,
        1,
        1,
        null,
        null,
        1,
        1,
        1,
        null,
        null,
        1,
        1,
        1,
        null,
        null
      ]
    },
    "timestamp": 1585754754
  }
}
